<?xml version="1.0" encoding="UTF-8"?>
<testsuite name="inkball.WallTest" tests="4" skipped="0" failures="0" errors="0" timestamp="2024-10-19T01:52:36" hostname="MacBook-Air" time="0.004">
  <properties/>
  <testcase name="testCollidesWithBall_NoCollision()" classname="inkball.WallTest" time="0.001"/>
  <testcase name="testHandleCollision_VelocityReflection()" classname="inkball.WallTest" time="0.0"/>
  <testcase name="testCollidesWithBall_Collision()" classname="inkball.WallTest" time="0.0"/>
  <testcase name="testHandleCollision_ColorChange()" classname="inkball.WallTest" time="0.0"/>
  <system-out><![CDATA[]]></system-out>
  <system-err><![CDATA[]]></system-err>
</testsuite>
