<?xml version="1.0" encoding="UTF-8"?>
<testsuite name="inkball.ColorRestrictingWallTest" tests="3" skipped="0" failures="0" errors="0" timestamp="2024-10-19T01:52:34" hostname="MacBook-Air" time="0.002">
  <properties/>
  <testcase name="testIsVertical()" classname="inkball.ColorRestrictingWallTest" time="0.001"/>
  <testcase name="testHandleCollision_AllowsSameColorBall()" classname="inkball.ColorRestrictingWallTest" time="0.0"/>
  <testcase name="testHandleCollision_BlocksDifferentColorBall()" classname="inkball.ColorRestrictingWallTest" time="0.001"/>
  <system-out><![CDATA[]]></system-out>
  <system-err><![CDATA[]]></system-err>
</testsuite>
