<?xml version="1.0" encoding="UTF-8"?>
<testsuite name="inkball.ColorCodeTest" tests="4" skipped="0" failures="0" errors="0" timestamp="2024-10-19T01:52:34" hostname="MacBook-Air" time="0.004">
  <properties/>
  <testcase name="testFromValue_InvalidValue()" classname="inkball.ColorCodeTest" time="0.002"/>
  <testcase name="testFromValue_ValidValue()" classname="inkball.ColorCodeTest" time="0.0"/>
  <testcase name="testGetValue_InvalidColor()" classname="inkball.ColorCodeTest" time="0.0"/>
  <testcase name="testGetValue_ValidColor()" classname="inkball.ColorCodeTest" time="0.001"/>
  <system-out><![CDATA[]]></system-out>
  <system-err><![CDATA[]]></system-err>
</testsuite>
